<?xml version="1.0" encoding="UTF-8"?>
<!-- Generated by org.testng.reporters.JUnitReportReporter -->
<testsuite hostname="Jagadeesh" failures="0" tests="1" name="org.rmg1.practice.MavenPracticeTest" time="21.070" errors="0" timestamp="2022-09-20T12:44:20 IST" skipped="0">
  <testcase classname="org.rmg1.practice.MavenPracticeTest" name="SampleTest" time="21.070"/>
  <system-out/>
</testsuite> <!-- org.rmg1.practice.MavenPracticeTest -->
